Started GET "/" for 127.0.0.1 at 2017-05-11 09:52:07 +0530
DEPRECATION WARNING: #original_exception is deprecated. Use #cause instead. (called from initialize at /home/ganeshkaliannan/.rbenv/versions/2.3.1/lib/ruby/gems/2.3.0/gems/better_errors-2.1.1/lib/better_errors/raised_exception.rb:7)
DEPRECATION WARNING: #original_exception is deprecated. Use #cause instead. (called from initialize at /home/ganeshkaliannan/.rbenv/versions/2.3.1/lib/ruby/gems/2.3.0/gems/better_errors-2.1.1/lib/better_errors/raised_exception.rb:8)

Mysql2::Error - Unknown database 'rails5-poc_development':
  mysql2 (0.4.6) lib/mysql2/client.rb:89:in `connect'
  mysql2 (0.4.6) lib/mysql2/client.rb:89:in `initialize'
  activerecord (5.0.2) lib/active_record/connection_adapters/mysql2_adapter.rb:25:in `new'
  activerecord (5.0.2) lib/active_record/connection_adapters/mysql2_adapter.rb:25:in `mysql2_connection'
  activerecord (5.0.2) lib/active_record/connection_adapters/abstract/connection_pool.rb:729:in `new_connection'
  activerecord (5.0.2) lib/active_record/connection_adapters/abstract/connection_pool.rb:773:in `checkout_new_connection'
  activerecord (5.0.2) lib/active_record/connection_adapters/abstract/connection_pool.rb:752:in `try_to_checkout_new_connection'
  activerecord (5.0.2) lib/active_record/connection_adapters/abstract/connection_pool.rb:713:in `acquire_connection'
  activerecord (5.0.2) lib/active_record/connection_adapters/abstract/connection_pool.rb:490:in `checkout'
  activerecord (5.0.2) lib/active_record/connection_adapters/abstract/connection_pool.rb:364:in `connection'
  activerecord (5.0.2) lib/active_record/connection_adapters/abstract/connection_pool.rb:883:in `retrieve_connection'
  activerecord (5.0.2) lib/active_record/connection_handling.rb:128:in `retrieve_connection'
  activerecord (5.0.2) lib/active_record/connection_handling.rb:91:in `connection'
  activerecord (5.0.2) lib/active_record/migration.rb:559:in `connection'
  activerecord (5.0.2) lib/active_record/migration.rb:546:in `call'
  actionpack (5.0.2) lib/action_dispatch/middleware/callbacks.rb:38:in `block in call'
  activesupport (5.0.2) lib/active_support/callbacks.rb:97:in `__run_callbacks__'
  activesupport (5.0.2) lib/active_support/callbacks.rb:750:in `_run_call_callbacks'
  activesupport (5.0.2) lib/active_support/callbacks.rb:90:in `run_callbacks'
  actionpack (5.0.2) lib/action_dispatch/middleware/callbacks.rb:36:in `call'
  actionpack (5.0.2) lib/action_dispatch/middleware/executor.rb:12:in `call'
  actionpack (5.0.2) lib/action_dispatch/middleware/remote_ip.rb:79:in `call'
  better_errors (2.1.1) lib/better_errors/middleware.rb:84:in `protected_app_call'
  better_errors (2.1.1) lib/better_errors/middleware.rb:79:in `better_errors_call'
  better_errors (2.1.1) lib/better_errors/middleware.rb:57:in `call'
  actionpack (5.0.2) lib/action_dispatch/middleware/debug_exceptions.rb:49:in `call'
  web-console (3.5.0) lib/web_console/middleware.rb:135:in `call_app'
  web-console (3.5.0) lib/web_console/middleware.rb:28:in `block in call'
  web-console (3.5.0) lib/web_console/middleware.rb:18:in `catch'
  web-console (3.5.0) lib/web_console/middleware.rb:18:in `call'
  actionpack (5.0.2) lib/action_dispatch/middleware/show_exceptions.rb:31:in `call'
  railties (5.0.2) lib/rails/rack/logger.rb:36:in `call_app'
  railties (5.0.2) lib/rails/rack/logger.rb:24:in `block in call'
  activesupport (5.0.2) lib/active_support/tagged_logging.rb:69:in `block in tagged'
  activesupport (5.0.2) lib/active_support/tagged_logging.rb:26:in `tagged'
  activesupport (5.0.2) lib/active_support/tagged_logging.rb:69:in `tagged'
  railties (5.0.2) lib/rails/rack/logger.rb:24:in `call'
  sprockets-rails (3.2.0) lib/sprockets/rails/quiet_assets.rb:13:in `call'
  actionpack (5.0.2) lib/action_dispatch/middleware/request_id.rb:24:in `call'
  rack (2.0.2) lib/rack/method_override.rb:22:in `call'
  rack (2.0.2) lib/rack/runtime.rb:22:in `call'
  activesupport (5.0.2) lib/active_support/cache/strategy/local_cache_middleware.rb:28:in `call'
  actionpack (5.0.2) lib/action_dispatch/middleware/executor.rb:12:in `call'
  actionpack (5.0.2) lib/action_dispatch/middleware/static.rb:136:in `call'
  rack (2.0.2) lib/rack/sendfile.rb:111:in `call'
  railties (5.0.2) lib/rails/engine.rb:522:in `call'
  puma (3.8.2) lib/puma/configuration.rb:224:in `call'
  puma (3.8.2) lib/puma/server.rb:600:in `handle_request'
  puma (3.8.2) lib/puma/server.rb:435:in `process_client'
  puma (3.8.2) lib/puma/server.rb:299:in `block in run'
  puma (3.8.2) lib/puma/thread_pool.rb:120:in `block in spawn_thread'

Started POST "/__better_errors/16193dc631b9ca64/variables" for 127.0.0.1 at 2017-05-11 09:52:07 +0530
Started GET "/favicon.ico" for 127.0.0.1 at 2017-05-11 09:52:08 +0530
DEPRECATION WARNING: #original_exception is deprecated. Use #cause instead. (called from initialize at /home/ganeshkaliannan/.rbenv/versions/2.3.1/lib/ruby/gems/2.3.0/gems/better_errors-2.1.1/lib/better_errors/raised_exception.rb:7)
DEPRECATION WARNING: #original_exception is deprecated. Use #cause instead. (called from initialize at /home/ganeshkaliannan/.rbenv/versions/2.3.1/lib/ruby/gems/2.3.0/gems/better_errors-2.1.1/lib/better_errors/raised_exception.rb:8)

Mysql2::Error - Unknown database 'rails5-poc_development':
  mysql2 (0.4.6) lib/mysql2/client.rb:89:in `connect'
  mysql2 (0.4.6) lib/mysql2/client.rb:89:in `initialize'
  activerecord (5.0.2) lib/active_record/connection_adapters/mysql2_adapter.rb:25:in `new'
  activerecord (5.0.2) lib/active_record/connection_adapters/mysql2_adapter.rb:25:in `mysql2_connection'
  activerecord (5.0.2) lib/active_record/connection_adapters/abstract/connection_pool.rb:729:in `new_connection'
  activerecord (5.0.2) lib/active_record/connection_adapters/abstract/connection_pool.rb:773:in `checkout_new_connection'
  activerecord (5.0.2) lib/active_record/connection_adapters/abstract/connection_pool.rb:752:in `try_to_checkout_new_connection'
  activerecord (5.0.2) lib/active_record/connection_adapters/abstract/connection_pool.rb:713:in `acquire_connection'
  activerecord (5.0.2) lib/active_record/connection_adapters/abstract/connection_pool.rb:490:in `checkout'
  activerecord (5.0.2) lib/active_record/connection_adapters/abstract/connection_pool.rb:364:in `connection'
  activerecord (5.0.2) lib/active_record/connection_adapters/abstract/connection_pool.rb:883:in `retrieve_connection'
  activerecord (5.0.2) lib/active_record/connection_handling.rb:128:in `retrieve_connection'
  activerecord (5.0.2) lib/active_record/connection_handling.rb:91:in `connection'
  activerecord (5.0.2) lib/active_record/migration.rb:559:in `connection'
  activerecord (5.0.2) lib/active_record/migration.rb:546:in `call'
  actionpack (5.0.2) lib/action_dispatch/middleware/callbacks.rb:38:in `block in call'
  activesupport (5.0.2) lib/active_support/callbacks.rb:97:in `__run_callbacks__'
  activesupport (5.0.2) lib/active_support/callbacks.rb:750:in `_run_call_callbacks'
  activesupport (5.0.2) lib/active_support/callbacks.rb:90:in `run_callbacks'
  actionpack (5.0.2) lib/action_dispatch/middleware/callbacks.rb:36:in `call'
  actionpack (5.0.2) lib/action_dispatch/middleware/executor.rb:12:in `call'
  actionpack (5.0.2) lib/action_dispatch/middleware/remote_ip.rb:79:in `call'
  better_errors (2.1.1) lib/better_errors/middleware.rb:84:in `protected_app_call'
  better_errors (2.1.1) lib/better_errors/middleware.rb:79:in `better_errors_call'
  better_errors (2.1.1) lib/better_errors/middleware.rb:57:in `call'
  actionpack (5.0.2) lib/action_dispatch/middleware/debug_exceptions.rb:49:in `call'
  web-console (3.5.0) lib/web_console/middleware.rb:135:in `call_app'
  web-console (3.5.0) lib/web_console/middleware.rb:28:in `block in call'
  web-console (3.5.0) lib/web_console/middleware.rb:18:in `catch'
  web-console (3.5.0) lib/web_console/middleware.rb:18:in `call'
  actionpack (5.0.2) lib/action_dispatch/middleware/show_exceptions.rb:31:in `call'
  railties (5.0.2) lib/rails/rack/logger.rb:36:in `call_app'
  railties (5.0.2) lib/rails/rack/logger.rb:24:in `block in call'
  activesupport (5.0.2) lib/active_support/tagged_logging.rb:69:in `block in tagged'
  activesupport (5.0.2) lib/active_support/tagged_logging.rb:26:in `tagged'
  activesupport (5.0.2) lib/active_support/tagged_logging.rb:69:in `tagged'
  railties (5.0.2) lib/rails/rack/logger.rb:24:in `call'
  sprockets-rails (3.2.0) lib/sprockets/rails/quiet_assets.rb:13:in `call'
  actionpack (5.0.2) lib/action_dispatch/middleware/request_id.rb:24:in `call'
  rack (2.0.2) lib/rack/method_override.rb:22:in `call'
  rack (2.0.2) lib/rack/runtime.rb:22:in `call'
  activesupport (5.0.2) lib/active_support/cache/strategy/local_cache_middleware.rb:28:in `call'
  actionpack (5.0.2) lib/action_dispatch/middleware/executor.rb:12:in `call'
  actionpack (5.0.2) lib/action_dispatch/middleware/static.rb:136:in `call'
  rack (2.0.2) lib/rack/sendfile.rb:111:in `call'
  railties (5.0.2) lib/rails/engine.rb:522:in `call'
  puma (3.8.2) lib/puma/configuration.rb:224:in `call'
  puma (3.8.2) lib/puma/server.rb:600:in `handle_request'
  puma (3.8.2) lib/puma/server.rb:435:in `process_client'
  puma (3.8.2) lib/puma/server.rb:299:in `block in run'
  puma (3.8.2) lib/puma/thread_pool.rb:120:in `block in spawn_thread'

Started GET "/favicon.ico" for 127.0.0.1 at 2017-05-11 09:52:08 +0530
DEPRECATION WARNING: #original_exception is deprecated. Use #cause instead. (called from initialize at /home/ganeshkaliannan/.rbenv/versions/2.3.1/lib/ruby/gems/2.3.0/gems/better_errors-2.1.1/lib/better_errors/raised_exception.rb:7)
DEPRECATION WARNING: #original_exception is deprecated. Use #cause instead. (called from initialize at /home/ganeshkaliannan/.rbenv/versions/2.3.1/lib/ruby/gems/2.3.0/gems/better_errors-2.1.1/lib/better_errors/raised_exception.rb:8)

Mysql2::Error - Unknown database 'rails5-poc_development':
  mysql2 (0.4.6) lib/mysql2/client.rb:89:in `connect'
  mysql2 (0.4.6) lib/mysql2/client.rb:89:in `initialize'
  activerecord (5.0.2) lib/active_record/connection_adapters/mysql2_adapter.rb:25:in `new'
  activerecord (5.0.2) lib/active_record/connection_adapters/mysql2_adapter.rb:25:in `mysql2_connection'
  activerecord (5.0.2) lib/active_record/connection_adapters/abstract/connection_pool.rb:729:in `new_connection'
  activerecord (5.0.2) lib/active_record/connection_adapters/abstract/connection_pool.rb:773:in `checkout_new_connection'
  activerecord (5.0.2) lib/active_record/connection_adapters/abstract/connection_pool.rb:752:in `try_to_checkout_new_connection'
  activerecord (5.0.2) lib/active_record/connection_adapters/abstract/connection_pool.rb:713:in `acquire_connection'
  activerecord (5.0.2) lib/active_record/connection_adapters/abstract/connection_pool.rb:490:in `checkout'
  activerecord (5.0.2) lib/active_record/connection_adapters/abstract/connection_pool.rb:364:in `connection'
  activerecord (5.0.2) lib/active_record/connection_adapters/abstract/connection_pool.rb:883:in `retrieve_connection'
  activerecord (5.0.2) lib/active_record/connection_handling.rb:128:in `retrieve_connection'
  activerecord (5.0.2) lib/active_record/connection_handling.rb:91:in `connection'
  activerecord (5.0.2) lib/active_record/migration.rb:559:in `connection'
  activerecord (5.0.2) lib/active_record/migration.rb:546:in `call'
  actionpack (5.0.2) lib/action_dispatch/middleware/callbacks.rb:38:in `block in call'
  activesupport (5.0.2) lib/active_support/callbacks.rb:97:in `__run_callbacks__'
  activesupport (5.0.2) lib/active_support/callbacks.rb:750:in `_run_call_callbacks'
  activesupport (5.0.2) lib/active_support/callbacks.rb:90:in `run_callbacks'
  actionpack (5.0.2) lib/action_dispatch/middleware/callbacks.rb:36:in `call'
  actionpack (5.0.2) lib/action_dispatch/middleware/executor.rb:12:in `call'
  actionpack (5.0.2) lib/action_dispatch/middleware/remote_ip.rb:79:in `call'
  better_errors (2.1.1) lib/better_errors/middleware.rb:84:in `protected_app_call'
  better_errors (2.1.1) lib/better_errors/middleware.rb:79:in `better_errors_call'
  better_errors (2.1.1) lib/better_errors/middleware.rb:57:in `call'
  actionpack (5.0.2) lib/action_dispatch/middleware/debug_exceptions.rb:49:in `call'
  web-console (3.5.0) lib/web_console/middleware.rb:135:in `call_app'
  web-console (3.5.0) lib/web_console/middleware.rb:28:in `block in call'
  web-console (3.5.0) lib/web_console/middleware.rb:18:in `catch'
  web-console (3.5.0) lib/web_console/middleware.rb:18:in `call'
  actionpack (5.0.2) lib/action_dispatch/middleware/show_exceptions.rb:31:in `call'
  railties (5.0.2) lib/rails/rack/logger.rb:36:in `call_app'
  railties (5.0.2) lib/rails/rack/logger.rb:24:in `block in call'
  activesupport (5.0.2) lib/active_support/tagged_logging.rb:69:in `block in tagged'
  activesupport (5.0.2) lib/active_support/tagged_logging.rb:26:in `tagged'
  activesupport (5.0.2) lib/active_support/tagged_logging.rb:69:in `tagged'
  railties (5.0.2) lib/rails/rack/logger.rb:24:in `call'
  sprockets-rails (3.2.0) lib/sprockets/rails/quiet_assets.rb:13:in `call'
  actionpack (5.0.2) lib/action_dispatch/middleware/request_id.rb:24:in `call'
  rack (2.0.2) lib/rack/method_override.rb:22:in `call'
  rack (2.0.2) lib/rack/runtime.rb:22:in `call'
  activesupport (5.0.2) lib/active_support/cache/strategy/local_cache_middleware.rb:28:in `call'
  actionpack (5.0.2) lib/action_dispatch/middleware/executor.rb:12:in `call'
  actionpack (5.0.2) lib/action_dispatch/middleware/static.rb:136:in `call'
  rack (2.0.2) lib/rack/sendfile.rb:111:in `call'
  railties (5.0.2) lib/rails/engine.rb:522:in `call'
  puma (3.8.2) lib/puma/configuration.rb:224:in `call'
  puma (3.8.2) lib/puma/server.rb:600:in `handle_request'
  puma (3.8.2) lib/puma/server.rb:435:in `process_client'
  puma (3.8.2) lib/puma/server.rb:299:in `block in run'
  puma (3.8.2) lib/puma/thread_pool.rb:120:in `block in spawn_thread'

  [1m[35m (265.2ms)[0m  [1m[35mCREATE TABLE `schema_migrations` (`version` varchar(255) PRIMARY KEY) ENGINE=InnoDB[0m
  [1m[35m (256.1ms)[0m  [1m[35mCREATE TABLE `ar_internal_metadata` (`key` varchar(255) PRIMARY KEY, `value` varchar(255), `created_at` datetime NOT NULL, `updated_at` datetime NOT NULL) ENGINE=InnoDB[0m
  [1m[35m (0.2ms)[0m  [1m[34mSELECT DATABASE() as db[0m
  [1m[35m (0.2ms)[0m  [1m[34mSELECT GET_LOCK('1277140158550329675', 0);[0m
  [1m[36mActiveRecord::SchemaMigration Load (2.4ms)[0m  [1m[34mSELECT `schema_migrations`.* FROM `schema_migrations`[0m
Migrating to DeviseCreateUsers (20170509065507)
  [1m[35m (262.6ms)[0m  [1m[35mCREATE TABLE `users` (`id` int AUTO_INCREMENT PRIMARY KEY, `email` varchar(255) DEFAULT '' NOT NULL, `encrypted_password` varchar(255) DEFAULT '' NOT NULL, `reset_password_token` varchar(255), `reset_password_sent_at` datetime, `remember_created_at` datetime, `sign_in_count` int DEFAULT 0 NOT NULL, `current_sign_in_at` datetime, `last_sign_in_at` datetime, `current_sign_in_ip` varchar(255), `last_sign_in_ip` varchar(255), `created_at` datetime NOT NULL, `updated_at` datetime NOT NULL) ENGINE=InnoDB[0m
  [1m[35m (258.8ms)[0m  [1m[35mCREATE UNIQUE INDEX `index_users_on_email`  ON `users` (`email`) [0m
  [1m[35m (257.1ms)[0m  [1m[35mCREATE UNIQUE INDEX `index_users_on_reset_password_token`  ON `users` (`reset_password_token`) [0m
  [1m[35m (0.1ms)[0m  [1m[35mBEGIN[0m
  [1m[35mSQL (0.3ms)[0m  [1m[32mINSERT INTO `schema_migrations` (`version`) VALUES ('20170509065507')[0m
  [1m[35m (55.1ms)[0m  [1m[35mCOMMIT[0m
Migrating to AddNameToUsers (20170509065508)
  [1m[35m (525.5ms)[0m  [1m[35mALTER TABLE `users` ADD `name` varchar(255)[0m
  [1m[35m (0.1ms)[0m  [1m[35mBEGIN[0m
  [1m[35mSQL (0.2ms)[0m  [1m[32mINSERT INTO `schema_migrations` (`version`) VALUES ('20170509065508')[0m
  [1m[35m (65.0ms)[0m  [1m[35mCOMMIT[0m
Migrating to AddRoleToUsers (20170509065514)
  [1m[35m (583.8ms)[0m  [1m[35mALTER TABLE `users` ADD `role` int[0m
  [1m[35m (0.1ms)[0m  [1m[35mBEGIN[0m
  [1m[35mSQL (0.2ms)[0m  [1m[32mINSERT INTO `schema_migrations` (`version`) VALUES ('20170509065514')[0m
  [1m[35m (41.6ms)[0m  [1m[35mCOMMIT[0m
Migrating to CreatePaintings (20170509094532)
  [1m[35m (315.6ms)[0m  [1m[35mCREATE TABLE `paintings` (`id` int AUTO_INCREMENT PRIMARY KEY, `name` varchar(255), `picture_file_name` varchar(255), `picture_content_type` varchar(255), `picture_file_size` int, `picture_updated_at` datetime, `price` decimal, `user_id` int, `created_at` datetime NOT NULL, `updated_at` datetime NOT NULL,  INDEX `index_paintings_on_user_id`  (`user_id`)) ENGINE=InnoDB[0m
  [1m[35m (0.1ms)[0m  [1m[35mBEGIN[0m
  [1m[35mSQL (0.2ms)[0m  [1m[32mINSERT INTO `schema_migrations` (`version`) VALUES ('20170509094532')[0m
  [1m[35m (40.2ms)[0m  [1m[35mCOMMIT[0m
  [1m[36mActiveRecord::InternalMetadata Load (0.3ms)[0m  [1m[34mSELECT  `ar_internal_metadata`.* FROM `ar_internal_metadata` WHERE `ar_internal_metadata`.`key` = 'environment' LIMIT 1[0m
  [1m[35m (0.1ms)[0m  [1m[35mBEGIN[0m
  [1m[35mSQL (0.2ms)[0m  [1m[32mINSERT INTO `ar_internal_metadata` (`key`, `value`, `created_at`, `updated_at`) VALUES ('environment', 'development', '2017-05-11 04:27:51', '2017-05-11 04:27:51')[0m
  [1m[35m (42.5ms)[0m  [1m[35mCOMMIT[0m
  [1m[35m (0.2ms)[0m  [1m[34mSELECT RELEASE_LOCK('1277140158550329675')[0m
  [1m[36mActiveRecord::SchemaMigration Load (0.2ms)[0m  [1m[34mSELECT `schema_migrations`.* FROM `schema_migrations`[0m
  [1m[35m (0.2ms)[0m  [1m[35mSHOW CREATE TABLE `paintings`[0m
  [1m[35m (0.3ms)[0m  [1m[35mSHOW TABLE STATUS LIKE 'paintings'[0m
  [1m[35m (0.1ms)[0m  [1m[35mSHOW CREATE TABLE `users`[0m
  [1m[35m (0.2ms)[0m  [1m[35mSHOW TABLE STATUS LIKE 'users'[0m
Started GET "/" for 127.0.0.1 at 2017-05-11 09:58:14 +0530
  [1m[36mActiveRecord::SchemaMigration Load (0.3ms)[0m  [1m[34mSELECT `schema_migrations`.* FROM `schema_migrations`[0m
Processing by HomesController#index as HTML
  Rendering homes/index.html.erb within layouts/application
  Rendered homes/index.html.erb within layouts/application (1.7ms)
  Rendered layouts/_navigation_links.html.erb (0.8ms)
  Rendered layouts/_nav_links_for_auth.html.erb (0.8ms)
  Rendered layouts/_navigation.html.erb (3.5ms)
  Rendered layouts/_messages.html.erb (0.6ms)
Completed 200 OK in 4232ms (Views: 4200.0ms | ActiveRecord: 0.0ms)


Started GET "/users/sign_in" for 127.0.0.1 at 2017-05-11 09:58:22 +0530
Processing by Devise::SessionsController#new as HTML
  Rendering devise/sessions/new.html.erb within layouts/application
  Rendered devise/sessions/new.html.erb within layouts/application (305.3ms)
  Rendered layouts/_navigation_links.html.erb (0.5ms)
  Rendered layouts/_nav_links_for_auth.html.erb (0.8ms)
  Rendered layouts/_navigation.html.erb (2.8ms)
  Rendered layouts/_messages.html.erb (0.5ms)
Completed 200 OK in 380ms (Views: 361.2ms | ActiveRecord: 1.6ms)


Started GET "/users/sign_in" for 127.0.0.1 at 2017-05-11 09:58:29 +0530
Processing by Devise::SessionsController#new as HTML
  Rendering devise/sessions/new.html.erb within layouts/application
  Rendered devise/sessions/new.html.erb within layouts/application (2.6ms)
  Rendered layouts/_navigation_links.html.erb (0.7ms)
  Rendered layouts/_nav_links_for_auth.html.erb (1.1ms)
  Rendered layouts/_navigation.html.erb (3.5ms)
  Rendered layouts/_messages.html.erb (0.6ms)
Completed 200 OK in 65ms (Views: 63.4ms | ActiveRecord: 0.0ms)


  [1m[36mActiveRecord::SchemaMigration Load (0.3ms)[0m  [1m[34mSELECT `schema_migrations`.* FROM `schema_migrations`[0m
  [1m[36mUser Load (0.3ms)[0m  [1m[34mSELECT  `users`.* FROM `users` WHERE `users`.`email` = 'user@example.com' LIMIT 1[0m
  [1m[35m (0.2ms)[0m  [1m[35mBEGIN[0m
  [1m[36mUser Exists (0.3ms)[0m  [1m[34mSELECT  1 AS one FROM `users` WHERE `users`.`email` = BINARY 'user@example.com' LIMIT 1[0m
  [1m[35mSQL (0.3ms)[0m  [1m[32mINSERT INTO `users` (`email`, `encrypted_password`, `created_at`, `updated_at`, `role`) VALUES ('user@example.com', '$2a$11$1Ixd0Ucv9cCL9NZu0WNXVOQEJUqR5qefyV0coGP2gw2BfgaBDLmy2', '2017-05-11 04:30:05', '2017-05-11 04:30:05', 1)[0m
  [1m[35m (51.9ms)[0m  [1m[35mCOMMIT[0m
  [1m[35m (0.1ms)[0m  [1m[35mBEGIN[0m
  [1m[35m (0.1ms)[0m  [1m[35mCOMMIT[0m
Started POST "/users/sign_in" for 127.0.0.1 at 2017-05-11 10:01:43 +0530
  [1m[36mActiveRecord::SchemaMigration Load (0.3ms)[0m  [1m[34mSELECT `schema_migrations`.* FROM `schema_migrations`[0m
Processing by Devise::SessionsController#create as HTML
  Parameters: {"utf8"=>"✓", "authenticity_token"=>"dyYo9iv+rgjHE88RSanTKubChkIfB7DuwpNt0gHrHXUGRa76Bo+xIznrGp61ee6plETM9WocTkB+2o06FL1oWQ==", "user"=>{"email"=>"user@example.com", "password"=>"[FILTERED]", "remember_me"=>"0"}, "commit"=>"Sign in"}
  [1m[36mUser Load (0.3ms)[0m  [1m[34mSELECT  `users`.* FROM `users` WHERE `users`.`email` = 'user@example.com' ORDER BY `users`.`id` ASC LIMIT 1[0m
  [1m[35m (0.1ms)[0m  [1m[35mBEGIN[0m
  [1m[35mSQL (19.8ms)[0m  [1m[33mUPDATE `users` SET `current_sign_in_at` = '2017-05-11 04:31:44', `last_sign_in_at` = '2017-05-11 04:31:44', `current_sign_in_ip` = '127.0.0.1', `last_sign_in_ip` = '127.0.0.1', `sign_in_count` = 1, `updated_at` = '2017-05-11 04:31:44' WHERE `users`.`id` = 1[0m
  [1m[35m (42.1ms)[0m  [1m[35mCOMMIT[0m
Redirected to http://localhost:3000/
Completed 302 Found in 299ms (ActiveRecord: 64.0ms)


Started GET "/" for 127.0.0.1 at 2017-05-11 10:01:44 +0530
Processing by HomesController#index as HTML
  [1m[36mUser Load (0.4ms)[0m  [1m[34mSELECT  `users`.* FROM `users` WHERE `users`.`id` = 1 ORDER BY `users`.`id` ASC LIMIT 1[0m
  Rendering homes/index.html.erb within layouts/application
  [1m[35m (0.3ms)[0m  [1m[34mSELECT COUNT(*) FROM `users`[0m
  Rendered homes/index.html.erb within layouts/application (2.7ms)
  Rendered layouts/_navigation_links.html.erb (0.6ms)
  Rendered layouts/_nav_links_for_auth.html.erb (0.7ms)
  Rendered layouts/_navigation.html.erb (2.9ms)
  Rendered layouts/_messages.html.erb (0.6ms)
Completed 200 OK in 248ms (Views: 217.2ms | ActiveRecord: 1.2ms)


Started GET "/users/edit" for 127.0.0.1 at 2017-05-11 10:01:48 +0530
Processing by Devise::RegistrationsController#edit as HTML
  [1m[36mUser Load (0.3ms)[0m  [1m[34mSELECT  `users`.* FROM `users` WHERE `users`.`id` = 1 ORDER BY `users`.`id` ASC LIMIT 1[0m
  Rendering devise/registrations/edit.html.erb within layouts/application
  Rendered devise/registrations/edit.html.erb within layouts/application (16.5ms)
  Rendered layouts/_navigation_links.html.erb (0.6ms)
  Rendered layouts/_nav_links_for_auth.html.erb (1.0ms)
  Rendered layouts/_navigation.html.erb (10.4ms)
  Rendered layouts/_messages.html.erb (0.8ms)
Completed 200 OK in 87ms (Views: 85.1ms | ActiveRecord: 0.3ms)


Started PUT "/users" for 127.0.0.1 at 2017-05-11 10:02:18 +0530
Processing by Devise::RegistrationsController#update as HTML
  Parameters: {"utf8"=>"✓", "authenticity_token"=>"Y86mLB/15yC26uSLfnOOKJaHeuOMEoerfGNNYtlWMMUj+H8DuGZbK66nVRi7mxywsCqxrsFTjdT84dHGxeEtGw==", "user"=>{"name"=>"Ganesh", "email"=>"ganesh.kaliannan@gmail.com", "password"=>"[FILTERED]", "password_confirmation"=>"[FILTERED]", "current_password"=>"[FILTERED]"}, "commit"=>"Update"}
  [1m[36mUser Load (0.4ms)[0m  [1m[34mSELECT  `users`.* FROM `users` WHERE `users`.`id` = 1 ORDER BY `users`.`id` ASC LIMIT 1[0m
  [1m[36mUser Load (0.3ms)[0m  [1m[34mSELECT  `users`.* FROM `users` WHERE `users`.`id` = 1 LIMIT 1[0m
  [1m[35m (0.2ms)[0m  [1m[35mBEGIN[0m
  [1m[36mUser Exists (0.4ms)[0m  [1m[34mSELECT  1 AS one FROM `users` WHERE `users`.`email` = BINARY 'ganesh.kaliannan@gmail.com' AND (`users`.`id` != 1) LIMIT 1[0m
  [1m[35mSQL (0.4ms)[0m  [1m[33mUPDATE `users` SET `encrypted_password` = '$2a$11$q4Acw3QtRs3evcS6jSVtaOqzxnj8ftn3C4f.dCPLhpWkoenM8Ek06', `email` = 'ganesh.kaliannan@gmail.com', `name` = 'Ganesh', `updated_at` = '2017-05-11 04:32:18' WHERE `users`.`id` = 1[0m
  [1m[35m (88.0ms)[0m  [1m[35mCOMMIT[0m
Redirected to http://localhost:3000/
Completed 302 Found in 460ms (ActiveRecord: 89.7ms)


Started GET "/" for 127.0.0.1 at 2017-05-11 10:02:18 +0530
Processing by HomesController#index as HTML
  [1m[36mUser Load (0.4ms)[0m  [1m[34mSELECT  `users`.* FROM `users` WHERE `users`.`id` = 1 ORDER BY `users`.`id` ASC LIMIT 1[0m
  Rendering homes/index.html.erb within layouts/application
  [1m[35m (0.2ms)[0m  [1m[34mSELECT COUNT(*) FROM `users`[0m
  Rendered homes/index.html.erb within layouts/application (1.6ms)
  Rendered layouts/_navigation_links.html.erb (0.7ms)
  Rendered layouts/_nav_links_for_auth.html.erb (1.0ms)
  Rendered layouts/_navigation.html.erb (3.4ms)
  Rendered layouts/_messages.html.erb (0.4ms)
Completed 200 OK in 64ms (Views: 59.9ms | ActiveRecord: 0.6ms)


Started GET "/users" for 127.0.0.1 at 2017-05-11 10:02:27 +0530
Processing by UsersController#index as HTML
  [1m[36mUser Load (0.3ms)[0m  [1m[34mSELECT  `users`.* FROM `users` WHERE `users`.`id` = 1 ORDER BY `users`.`id` ASC LIMIT 1[0m
  Rendering users/index.html.erb within layouts/application
  [1m[36mUser Load (0.3ms)[0m  [1m[34mSELECT `users`.* FROM `users`[0m
  Rendered users/_user.html.erb (111.7ms)
  Rendered users/index.html.erb within layouts/application (115.0ms)
  Rendered layouts/_navigation_links.html.erb (0.8ms)
  Rendered layouts/_nav_links_for_auth.html.erb (1.3ms)
  Rendered layouts/_navigation.html.erb (4.3ms)
  Rendered layouts/_messages.html.erb (0.7ms)
Completed 200 OK in 191ms (Views: 186.9ms | ActiveRecord: 0.6ms)


